2021-06-24 14:08:15.948  WARN 8848 --- [restartedMain] JpaBaseConfiguration$JpaWebConfiguration : spring.jpa.open-in-view is enabled by default. Therefore, database queries may be performed during view rendering. Explicitly configure spring.jpa.open-in-view to disable this warning
2021-06-24 14:09:13.168  WARN 9596 --- [restartedMain] JpaBaseConfiguration$JpaWebConfiguration : spring.jpa.open-in-view is enabled by default. Therefore, database queries may be performed during view rendering. Explicitly configure spring.jpa.open-in-view to disable this warning
2021-06-24 14:10:13.257  WARN 16276 --- [restartedMain] JpaBaseConfiguration$JpaWebConfiguration : spring.jpa.open-in-view is enabled by default. Therefore, database queries may be performed during view rendering. Explicitly configure spring.jpa.open-in-view to disable this warning
2021-06-24 14:12:06.714  WARN 5220 --- [restartedMain] JpaBaseConfiguration$JpaWebConfiguration : spring.jpa.open-in-view is enabled by default. Therefore, database queries may be performed during view rendering. Explicitly configure spring.jpa.open-in-view to disable this warning
2021-06-24 14:14:01.624  WARN 5220 --- [restartedMain] JpaBaseConfiguration$JpaWebConfiguration : spring.jpa.open-in-view is enabled by default. Therefore, database queries may be performed during view rendering. Explicitly configure spring.jpa.open-in-view to disable this warning
2021-06-24 14:14:17.789  WARN 5220 --- [restartedMain] JpaBaseConfiguration$JpaWebConfiguration : spring.jpa.open-in-view is enabled by default. Therefore, database queries may be performed during view rendering. Explicitly configure spring.jpa.open-in-view to disable this warning
2021-06-24 14:14:40.978  WARN 5220 --- [restartedMain] JpaBaseConfiguration$JpaWebConfiguration : spring.jpa.open-in-view is enabled by default. Therefore, database queries may be performed during view rendering. Explicitly configure spring.jpa.open-in-view to disable this warning
2021-06-24 14:15:02.632  WARN 5716 --- [restartedMain] JpaBaseConfiguration$JpaWebConfiguration : spring.jpa.open-in-view is enabled by default. Therefore, database queries may be performed during view rendering. Explicitly configure spring.jpa.open-in-view to disable this warning
2021-06-24 14:15:18.063  WARN 5716 --- [restartedMain] JpaBaseConfiguration$JpaWebConfiguration : spring.jpa.open-in-view is enabled by default. Therefore, database queries may be performed during view rendering. Explicitly configure spring.jpa.open-in-view to disable this warning
2021-06-24 14:16:55.607  WARN 5716 --- [restartedMain] JpaBaseConfiguration$JpaWebConfiguration : spring.jpa.open-in-view is enabled by default. Therefore, database queries may be performed during view rendering. Explicitly configure spring.jpa.open-in-view to disable this warning
2021-06-24 14:17:09.779  WARN 5716 --- [restartedMain] JpaBaseConfiguration$JpaWebConfiguration : spring.jpa.open-in-view is enabled by default. Therefore, database queries may be performed during view rendering. Explicitly configure spring.jpa.open-in-view to disable this warning
2021-06-24 14:17:46.665  INFO 5716 --- [restartedMain] .b.A.AddressBookSpringProjectApplication : Starting AddressBookSpringProjectApplication using Java 15.0.2 on DESKTOP-HDF8SSB with PID 5716 (D:\SpringFrameWork\workspace-spring-tool-suite-4-4.10.0.RELEASE\AddressBookSpringProject\bin\main started by Saket Jain in D:\SpringFrameWork\workspace-spring-tool-suite-4-4.10.0.RELEASE\AddressBookSpringProject)
2021-06-24 14:17:46.666 DEBUG 5716 --- [restartedMain] .b.A.AddressBookSpringProjectApplication : Running with Spring Boot v2.5.1, Spring v5.3.8
2021-06-24 14:17:46.667  INFO 5716 --- [restartedMain] .b.A.AddressBookSpringProjectApplication : No active profile set, falling back to default profiles: default
2021-06-24 14:17:47.554  WARN 5716 --- [restartedMain] JpaBaseConfiguration$JpaWebConfiguration : spring.jpa.open-in-view is enabled by default. Therefore, database queries may be performed during view rendering. Explicitly configure spring.jpa.open-in-view to disable this warning
2021-06-24 14:17:47.780  INFO 5716 --- [restartedMain] .b.A.AddressBookSpringProjectApplication : Started AddressBookSpringProjectApplication in 1.169 seconds (JVM running for 169.924)
2021-06-24 14:17:47.784  INFO 5716 --- [restartedMain] .b.A.AddressBookSpringProjectApplication : Employee Payroll app started in COMMON environment
2021-06-24 14:17:49.313  INFO 5716 --- [restartedMain] .b.A.AddressBookSpringProjectApplication : Starting AddressBookSpringProjectApplication using Java 15.0.2 on DESKTOP-HDF8SSB with PID 5716 (D:\SpringFrameWork\workspace-spring-tool-suite-4-4.10.0.RELEASE\AddressBookSpringProject\bin\main started by Saket Jain in D:\SpringFrameWork\workspace-spring-tool-suite-4-4.10.0.RELEASE\AddressBookSpringProject)
2021-06-24 14:17:49.313 DEBUG 5716 --- [restartedMain] .b.A.AddressBookSpringProjectApplication : Running with Spring Boot v2.5.1, Spring v5.3.8
2021-06-24 14:17:49.313  INFO 5716 --- [restartedMain] .b.A.AddressBookSpringProjectApplication : No active profile set, falling back to default profiles: default
2021-06-24 14:17:50.108  WARN 5716 --- [restartedMain] JpaBaseConfiguration$JpaWebConfiguration : spring.jpa.open-in-view is enabled by default. Therefore, database queries may be performed during view rendering. Explicitly configure spring.jpa.open-in-view to disable this warning
2021-06-24 14:17:50.332  INFO 5716 --- [restartedMain] .b.A.AddressBookSpringProjectApplication : Started AddressBookSpringProjectApplication in 1.07 seconds (JVM running for 172.475)
2021-06-24 14:17:50.337  INFO 5716 --- [restartedMain] .b.A.AddressBookSpringProjectApplication : Employee Payroll app started in COMMON environment
2021-06-24 14:24:33.567  INFO 5716 --- [restartedMain] .b.A.AddressBookSpringProjectApplication : Starting AddressBookSpringProjectApplication using Java 15.0.2 on DESKTOP-HDF8SSB with PID 5716 (D:\SpringFrameWork\workspace-spring-tool-suite-4-4.10.0.RELEASE\AddressBookSpringProject\bin\main started by Saket Jain in D:\SpringFrameWork\workspace-spring-tool-suite-4-4.10.0.RELEASE\AddressBookSpringProject)
2021-06-24 14:24:33.567 DEBUG 5716 --- [restartedMain] .b.A.AddressBookSpringProjectApplication : Running with Spring Boot v2.5.1, Spring v5.3.8
2021-06-24 14:24:33.567  INFO 5716 --- [restartedMain] .b.A.AddressBookSpringProjectApplication : No active profile set, falling back to default profiles: default
2021-06-24 14:24:34.002  WARN 5716 --- [restartedMain] JpaBaseConfiguration$JpaWebConfiguration : spring.jpa.open-in-view is enabled by default. Therefore, database queries may be performed during view rendering. Explicitly configure spring.jpa.open-in-view to disable this warning
2021-06-24 14:24:34.109  INFO 5716 --- [restartedMain] .b.A.AddressBookSpringProjectApplication : Started AddressBookSpringProjectApplication in 0.571 seconds (JVM running for 576.253)
2021-06-24 14:24:34.111  INFO 5716 --- [restartedMain] .b.A.AddressBookSpringProjectApplication : Employee Payroll app started in COMMON environment
2021-06-24 22:28:08.099  WARN 5716 --- [HikariPool-7 housekeeper] com.zaxxer.hikari.pool.HikariPool        : HikariPool-7 - Thread starvation or clock leap detected (housekeeper delta=5h54m8s60ms581µs200ns).
2021-06-24 22:50:08.990  INFO 5716 --- [restartedMain] .b.A.AddressBookSpringProjectApplication : Starting AddressBookSpringProjectApplication using Java 15.0.2 on DESKTOP-HDF8SSB with PID 5716 (D:\SpringFrameWork\workspace-spring-tool-suite-4-4.10.0.RELEASE\AddressBookSpringProject\bin\main started by Saket Jain in D:\SpringFrameWork\workspace-spring-tool-suite-4-4.10.0.RELEASE\AddressBookSpringProject)
2021-06-24 22:50:08.991 DEBUG 5716 --- [restartedMain] .b.A.AddressBookSpringProjectApplication : Running with Spring Boot v2.5.1, Spring v5.3.8
2021-06-24 22:50:08.992  INFO 5716 --- [restartedMain] .b.A.AddressBookSpringProjectApplication : No active profile set, falling back to default profiles: default
2021-06-24 22:50:10.159  WARN 5716 --- [restartedMain] JpaBaseConfiguration$JpaWebConfiguration : spring.jpa.open-in-view is enabled by default. Therefore, database queries may be performed during view rendering. Explicitly configure spring.jpa.open-in-view to disable this warning
2021-06-24 22:50:10.397  INFO 5716 --- [restartedMain] .b.A.AddressBookSpringProjectApplication : Started AddressBookSpringProjectApplication in 1.532 seconds (JVM running for 30916.816)
2021-06-24 22:50:10.401  INFO 5716 --- [restartedMain] .b.A.AddressBookSpringProjectApplication : Employee Payroll app started in COMMON environment
2021-06-24 22:50:30.303  INFO 5716 --- [restartedMain] .b.A.AddressBookSpringProjectApplication : Starting AddressBookSpringProjectApplication using Java 15.0.2 on DESKTOP-HDF8SSB with PID 5716 (D:\SpringFrameWork\workspace-spring-tool-suite-4-4.10.0.RELEASE\AddressBookSpringProject\bin\main started by Saket Jain in D:\SpringFrameWork\workspace-spring-tool-suite-4-4.10.0.RELEASE\AddressBookSpringProject)
2021-06-24 22:50:30.303 DEBUG 5716 --- [restartedMain] .b.A.AddressBookSpringProjectApplication : Running with Spring Boot v2.5.1, Spring v5.3.8
2021-06-24 22:50:30.304  INFO 5716 --- [restartedMain] .b.A.AddressBookSpringProjectApplication : No active profile set, falling back to default profiles: default
2021-06-24 22:50:31.196  WARN 5716 --- [restartedMain] JpaBaseConfiguration$JpaWebConfiguration : spring.jpa.open-in-view is enabled by default. Therefore, database queries may be performed during view rendering. Explicitly configure spring.jpa.open-in-view to disable this warning
2021-06-24 22:50:31.399  INFO 5716 --- [restartedMain] .b.A.AddressBookSpringProjectApplication : Started AddressBookSpringProjectApplication in 1.153 seconds (JVM running for 30937.819)
2021-06-24 22:50:31.404  INFO 5716 --- [restartedMain] .b.A.AddressBookSpringProjectApplication : Employee Payroll app started in COMMON environment
2021-06-24 23:01:04.878  INFO 5716 --- [restartedMain] .b.A.AddressBookSpringProjectApplication : Starting AddressBookSpringProjectApplication using Java 15.0.2 on DESKTOP-HDF8SSB with PID 5716 (D:\SpringFrameWork\workspace-spring-tool-suite-4-4.10.0.RELEASE\AddressBookSpringProject\bin\main started by Saket Jain in D:\SpringFrameWork\workspace-spring-tool-suite-4-4.10.0.RELEASE\AddressBookSpringProject)
2021-06-24 23:01:04.878 DEBUG 5716 --- [restartedMain] .b.A.AddressBookSpringProjectApplication : Running with Spring Boot v2.5.1, Spring v5.3.8
2021-06-24 23:01:04.878  INFO 5716 --- [restartedMain] .b.A.AddressBookSpringProjectApplication : No active profile set, falling back to default profiles: default
2021-06-24 23:01:05.629  WARN 5716 --- [restartedMain] JpaBaseConfiguration$JpaWebConfiguration : spring.jpa.open-in-view is enabled by default. Therefore, database queries may be performed during view rendering. Explicitly configure spring.jpa.open-in-view to disable this warning
2021-06-24 23:01:05.772  INFO 5716 --- [restartedMain] .b.A.AddressBookSpringProjectApplication : Started AddressBookSpringProjectApplication in 0.935 seconds (JVM running for 31572.192)
2021-06-24 23:01:05.775  INFO 5716 --- [restartedMain] .b.A.AddressBookSpringProjectApplication : Employee Payroll app started in COMMON environment
